生成启动时间为 2018/11/30 2:27:40。
     1>项目“C:\Users\97519\Desktop\River's_Y86-64_with_GUI\Y86-64_VS\River's_Y86-64\River's_Y86-64\River's_Y86-64.vcxproj”在节点 2 上(Build 个目标)。
     1>ClCompile:
         E:\vs\VC\bin\CL.exe /c /ZI /nologo /W3 /WX- /sdl /Od /Oy- /D WIN32 /D _DEBUG /D _CONSOLE /D _LIB /D _UNICODE /D UNICODE /Gm /EHsc /RTC1 /MDd /GS /fp:precise /Zc:wchar_t /Zc:forScope /Fo"Debug\\" /Fd"Debug\vc120.pdb" /Gd /TP /analyze- /errorReport:prompt "..\..\River's_Y86-64\River's_Y86-64\main.cpp"
         main.cpp
     1>c:\users\97519\desktop\river's_y86-64_with_gui\y86-64_vs\river's_y86-64\river's_y86-64\main.cpp(53): warning C4018: “<”: 有符号/无符号不匹配
       Link:
         E:\vs\VC\bin\link.exe /ERRORREPORT:PROMPT /OUT:"C:\Users\97519\Desktop\River's_Y86-64_with_GUI\Y86-64_VS\River's_Y86-64\Debug\River's_Y86-64.exe" /INCREMENTAL /NOLOGO kernel32.lib user32.lib gdi32.lib winspool.lib comdlg32.lib advapi32.lib shell32.lib ole32.lib oleaut32.lib uuid.lib odbc32.lib odbccp32.lib /MANIFEST /MANIFESTUAC:"level='asInvoker' uiAccess='false'" /manifest:embed /DEBUG /PDB:"C:\Users\97519\Desktop\River's_Y86-64_with_GUI\Y86-64_VS\River's_Y86-64\Debug\River's_Y86-64.pdb" /SUBSYSTEM:CONSOLE /TLBID:1 /DYNAMICBASE /NXCOMPAT /IMPLIB:"C:\Users\97519\Desktop\River's_Y86-64_with_GUI\Y86-64_VS\River's_Y86-64\Debug\River's_Y86-64.lib" /MACHINE:X86 Debug\choose_road.obj
         Debug\five_stages.obj
         Debug\initialize.obj
         Debug\main.obj
         Debug\outline.obj
         Debug\output_format.obj
         Debug\pipe_register.obj
         Debug\read.obj
         Debug\twelve_instr.obj
         Debug\write.obj
         River's_Y86-64.vcxproj -> C:\Users\97519\Desktop\River's_Y86-64_with_GUI\Y86-64_VS\River's_Y86-64\Debug\River's_Y86-64.exe
     1>已完成生成项目“C:\Users\97519\Desktop\River's_Y86-64_with_GUI\Y86-64_VS\River's_Y86-64\River's_Y86-64\River's_Y86-64.vcxproj”(Build 个目标)的操作。

生成成功。

已用时间 00:00:01.93
